<?xml version="1.0" encoding="UTF-8"?>
<!-- Generated by org.testng.reporters.JUnitReportReporter -->
<testsuite hostname="SISTE283" failures="0" tests="1" name="FlightTest" time="57.129" errors="0" timestamp="2022-08-25T11:41:08 COT" skipped="0">
  <testcase classname="FlightTest" name="testFlights" time="57.129"/>
  <system-out/>
</testsuite> <!-- FlightTest -->
